\BOOKMARK [0][-]{chapter*.1}{\376\377\000A\000b\000s\000t\000r\000a\000c\000t}{}% 1
\BOOKMARK [0][-]{chapter*.2}{\376\377\000R\000e\000s\000u\000m\000\351}{}% 2
\BOOKMARK [0][-]{chapter*.3}{\376\377\000A\000c\000k\000n\000o\000w\000l\000e\000d\000g\000e\000m\000e\000n\000t\000s}{}% 3
\BOOKMARK [0][-]{chapter*.4}{\376\377\000L\000i\000s\000t\000\040\000o\000f\000\040\000A\000b\000b\000r\000e\000v\000i\000a\000t\000i\000o\000n\000s}{}% 4
\BOOKMARK [0][-]{chapter.1}{\376\377\000I\000n\000t\000r\000o\000d\000u\000c\000t\000i\000o\000n}{}% 5
\BOOKMARK [1][-]{section.1.1}{\376\377\000M\000o\000t\000i\000v\000a\000t\000i\000o\000n}{chapter.1}% 6
\BOOKMARK [1][-]{section.1.2}{\376\377\000T\000h\000e\000\040\000V\000i\000r\000t\000u\000a\000l\000\040\000O\000r\000b\000i\000t\000a\000l\000\040\000S\000p\000a\000c\000e\000\040\000P\000r\000o\000b\000l\000e\000m}{chapter.1}% 7
\BOOKMARK [1][-]{section.1.3}{\376\377\000Q\000u\000a\000n\000t\000u\000m\000\040\000C\000o\000m\000p\000u\000t\000i\000n\000g\000\040\000C\000o\000n\000t\000e\000x\000t}{chapter.1}% 8
\BOOKMARK [1][-]{section.1.4}{\376\377\000O\000b\000j\000e\000c\000t\000i\000v\000e\000s}{chapter.1}% 9
\BOOKMARK [1][-]{section.1.5}{\376\377\000T\000h\000e\000s\000i\000s\000\040\000O\000u\000t\000l\000i\000n\000e}{chapter.1}% 10
\BOOKMARK [0][-]{chapter.2}{\376\377\000B\000a\000c\000k\000g\000r\000o\000u\000n\000d}{}% 11
\BOOKMARK [1][-]{section.2.1}{\376\377\000T\000h\000e\000\040\000E\000l\000e\000c\000t\000r\000o\000n\000i\000c\000\040\000S\000t\000r\000u\000c\000t\000u\000r\000e\000\040\000P\000r\000o\000b\000l\000e\000m}{chapter.2}% 12
\BOOKMARK [1][-]{section.2.2}{\376\377\000H\000a\000r\000t\000r\000e\000e\000-\000F\000o\000c\000k\000\040\000T\000h\000e\000o\000r\000y}{chapter.2}% 13
\BOOKMARK [2][-]{subsection.2.2.1}{\376\377\000R\000e\000s\000t\000r\000i\000c\000t\000e\000d\000\040\000a\000n\000d\000\040\000U\000n\000r\000e\000s\000t\000r\000i\000c\000t\000e\000d\000\040\000F\000o\000r\000m\000a\000l\000i\000s\000m}{section.2.2}% 14
\BOOKMARK [1][-]{section.2.3}{\376\377\000M\000o\000l\000e\000c\000u\000l\000a\000r\000\040\000O\000r\000b\000i\000t\000a\000l\000\040\000I\000n\000t\000e\000g\000r\000a\000l\000s}{chapter.2}% 15
\BOOKMARK [2][-]{subsection.2.3.1}{\376\377\000O\000n\000e\000-\000E\000l\000e\000c\000t\000r\000o\000n\000\040\000I\000n\000t\000e\000g\000r\000a\000l\000s}{section.2.3}% 16
\BOOKMARK [2][-]{subsection.2.3.2}{\376\377\000T\000w\000o\000-\000E\000l\000e\000c\000t\000r\000o\000n\000\040\000I\000n\000t\000e\000g\000r\000a\000l\000s}{section.2.3}% 17
\BOOKMARK [2][-]{subsection.2.3.3}{\376\377\000I\000n\000t\000e\000g\000r\000a\000l\000\040\000N\000o\000t\000a\000t\000i\000o\000n\000:\000\040\000C\000h\000e\000m\000i\000s\000t\000s\000'\000\040\000v\000s\000.\000\040\000P\000h\000y\000s\000i\000c\000i\000s\000t\000s\000'\000\040\000C\000o\000n\000v\000e\000n\000t\000i\000o\000n\000s}{section.2.3}% 18
\BOOKMARK [1][-]{section.2.4}{\376\377\000M\000\370\000l\000l\000e\000r\000-\000P\000l\000e\000s\000s\000e\000t\000\040\000P\000e\000r\000t\000u\000r\000b\000a\000t\000i\000o\000n\000\040\000T\000h\000e\000o\000r\000y}{chapter.2}% 19
\BOOKMARK [2][-]{subsection.2.4.1}{\376\377\000M\000P\0002\000\040\000C\000o\000r\000r\000e\000l\000a\000t\000i\000o\000n\000\040\000E\000n\000e\000r\000g\000y}{section.2.4}% 20
\BOOKMARK [2][-]{subsection.2.4.2}{\376\377\000S\000p\000i\000n\000-\000O\000r\000b\000i\000t\000a\000l\000\040\000F\000o\000r\000m\000u\000l\000a\000t\000i\000o\000n}{section.2.4}% 21
\BOOKMARK [1][-]{section.2.5}{\376\377\000S\000p\000i\000n\000-\000O\000r\000b\000i\000t\000a\000l\000\040\000F\000o\000r\000m\000a\000l\000i\000s\000m}{chapter.2}% 22
\BOOKMARK [1][-]{section.2.6}{\376\377\000O\000r\000b\000i\000t\000a\000l\000\040\000S\000p\000a\000c\000e\000\040\000P\000a\000r\000t\000i\000t\000i\000o\000n\000i\000n\000g\000\040\000a\000n\000d\000\040\000I\000n\000d\000e\000x\000\040\000N\000o\000t\000a\000t\000i\000o\000n}{chapter.2}% 23
\BOOKMARK [1][-]{section.2.7}{\376\377\000B\000r\000u\000e\000c\000k\000n\000e\000r\000\040\000O\000r\000b\000i\000t\000a\000l\000s}{chapter.2}% 24
\BOOKMARK [2][-]{subsection.2.7.1}{\376\377\000D\000e\000f\000i\000n\000i\000t\000i\000o\000n\000\040\000a\000n\000d\000\040\000P\000h\000y\000s\000i\000c\000a\000l\000\040\000I\000n\000t\000e\000r\000p\000r\000e\000t\000a\000t\000i\000o\000n}{section.2.7}% 25
\BOOKMARK [2][-]{subsection.2.7.2}{\376\377\000B\000r\000u\000e\000c\000k\000n\000e\000r\000\040\000O\000r\000b\000i\000t\000a\000l\000s\000\040\000i\000n\000\040\000C\000o\000u\000p\000l\000e\000d\000\040\000C\000l\000u\000s\000t\000e\000r\000\040\000T\000h\000e\000o\000r\000y}{section.2.7}% 26
\BOOKMARK [2][-]{subsection.2.7.3}{\376\377\000C\000o\000n\000n\000e\000c\000t\000i\000o\000n\000\040\000t\000o\000\040\000O\000r\000b\000i\000t\000a\000l\000-\000O\000p\000t\000i\000m\000i\000s\000e\000d\000\040\000M\000P\0002}{section.2.7}% 27
\BOOKMARK [1][-]{section.2.8}{\376\377\000Q\000u\000a\000n\000t\000u\000m\000\040\000C\000o\000m\000p\000u\000t\000i\000n\000g\000\040\000a\000n\000d\000\040\000O\000r\000b\000i\000t\000a\000l\000\040\000S\000p\000a\000c\000e}{chapter.2}% 28
\BOOKMARK [2][-]{subsection.2.8.1}{\376\377\000S\000e\000c\000o\000n\000d\000\040\000Q\000u\000a\000n\000t\000i\000s\000a\000t\000i\000o\000n\000\040\000a\000n\000d\000\040\000Q\000u\000b\000i\000t\000\040\000M\000a\000p\000p\000i\000n\000g}{section.2.8}% 29
\BOOKMARK [2][-]{subsection.2.8.2}{\376\377\000T\000h\000e\000\040\000V\000a\000r\000i\000a\000t\000i\000o\000n\000a\000l\000\040\000Q\000u\000a\000n\000t\000u\000m\000\040\000E\000i\000g\000e\000n\000s\000o\000l\000v\000e\000r}{section.2.8}% 30
\BOOKMARK [2][-]{subsection.2.8.3}{\376\377\000O\000V\000O\000S\000\040\000O\000r\000b\000i\000t\000a\000l\000s\000\040\000a\000s\000\040\000a\000\040\000V\000Q\000E\000\040\000R\000e\000f\000e\000r\000e\000n\000c\000e\000\040\000S\000t\000a\000t\000e}{section.2.8}% 31
\BOOKMARK [0][-]{chapter.3}{\376\377\000T\000h\000e\000o\000r\000y}{}% 32
\BOOKMARK [1][-]{section.3.1}{\376\377\000T\000h\000e\000\040\000S\000e\000c\000o\000n\000d\000-\000O\000r\000d\000e\000r\000\040\000H\000y\000l\000l\000e\000r\000a\000a\000s\000\040\000F\000u\000n\000c\000t\000i\000o\000n\000a\000l}{chapter.3}% 33
\BOOKMARK [1][-]{section.3.2}{\376\377\000O\000r\000b\000i\000t\000a\000l\000\040\000R\000o\000t\000a\000t\000i\000o\000n\000\040\000P\000a\000r\000a\000m\000e\000t\000e\000r\000i\000s\000a\000t\000i\000o\000n}{chapter.3}% 34
\BOOKMARK [2][-]{subsection.3.2.1}{\376\377\000A\000c\000t\000i\000v\000e\000\040\000a\000n\000d\000\040\000I\000n\000a\000c\000t\000i\000v\000e\000\040\000V\000i\000r\000t\000u\000a\000l\000\040\000S\000u\000b\000s\000p\000a\000c\000e\000s}{section.3.2}% 35
\BOOKMARK [2][-]{subsection.3.2.2}{\376\377\000U\000n\000i\000t\000a\000r\000y\000\040\000T\000r\000a\000n\000s\000f\000o\000r\000m\000a\000t\000i\000o\000n\000\040\000v\000i\000a\000\040\000M\000a\000t\000r\000i\000x\000\040\000E\000x\000p\000o\000n\000e\000n\000t\000i\000a\000l}{section.3.2}% 36
\BOOKMARK [1][-]{section.3.3}{\376\377\000G\000r\000a\000d\000i\000e\000n\000t\000\040\000o\000f\000\040\000J\0002\000\040\000w\000i\000t\000h\000\040\000R\000e\000s\000p\000e\000c\000t\000\040\000t\000o\000\040\000O\000r\000b\000i\000t\000a\000l\000\040\000R\000o\000t\000a\000t\000i\000o\000n\000s}{chapter.3}% 37
\BOOKMARK [2][-]{subsection.3.3.1}{\376\377\000M\000P\0002\000\040\000V\000i\000r\000t\000u\000a\000l\000-\000V\000i\000r\000t\000u\000a\000l\000\040\000D\000e\000n\000s\000i\000t\000y\000\040\000M\000a\000t\000r\000i\000x}{section.3.3}% 38
\BOOKMARK [2][-]{subsection.3.3.2}{\376\377\000G\000r\000a\000d\000i\000e\000n\000t\000\040\000E\000x\000p\000r\000e\000s\000s\000i\000o\000n}{section.3.3}% 39
\BOOKMARK [1][-]{section.3.4}{\376\377\000H\000e\000s\000s\000i\000a\000n\000\040\000o\000f\000\040\000J\0002\000\040\000w\000i\000t\000h\000\040\000R\000e\000s\000p\000e\000c\000t\000\040\000t\000o\000\040\000O\000r\000b\000i\000t\000a\000l\000\040\000R\000o\000t\000a\000t\000i\000o\000n\000s}{chapter.3}% 40
\BOOKMARK [2][-]{subsection.3.4.1}{\376\377\000B\000l\000o\000c\000k\000\040\000S\000t\000r\000u\000c\000t\000u\000r\000e\000\040\000o\000f\000\040\000t\000h\000e\000\040\000H\000e\000s\000s\000i\000a\000n}{section.3.4}% 41
\BOOKMARK [2][-]{subsection.3.4.2}{\376\377\000N\000e\000g\000a\000t\000i\000v\000e\000\040\000E\000i\000g\000e\000n\000v\000a\000l\000u\000e\000s\000\040\000a\000n\000d\000\040\000L\000e\000v\000e\000l\000-\000S\000h\000i\000f\000t\000\040\000S\000t\000a\000b\000i\000l\000i\000s\000a\000t\000i\000o\000n}{section.3.4}% 42
\BOOKMARK [1][-]{section.3.5}{\376\377\000N\000e\000w\000t\000o\000n\000-\000R\000a\000p\000h\000s\000o\000n\000\040\000O\000r\000b\000i\000t\000a\000l\000\040\000O\000p\000t\000i\000m\000i\000s\000a\000t\000i\000o\000n}{chapter.3}% 43
\BOOKMARK [1][-]{section.3.6}{\376\377\000G\000e\000n\000e\000r\000a\000t\000i\000n\000g\000\040\000t\000h\000e\000\040\000U\000n\000i\000t\000a\000r\000y\000\040\000R\000o\000t\000a\000t\000i\000o\000n\000\040\000M\000a\000t\000r\000i\000x}{chapter.3}% 44
\BOOKMARK [1][-]{section.3.7}{\376\377\000O\000r\000b\000i\000t\000a\000l\000\040\000C\000a\000n\000o\000n\000i\000c\000a\000l\000i\000s\000a\000t\000i\000o\000n}{chapter.3}% 45
\BOOKMARK [1][-]{section.3.8}{\376\377\000E\000n\000e\000r\000g\000y\000\040\000R\000e\000c\000o\000v\000e\000r\000y\000\040\000a\000n\000d\000\040\000t\000h\000e\000\040\000O\000V\000O\000S\000\040\000E\000r\000r\000o\000r\000\040\000M\000e\000t\000r\000i\000c}{chapter.3}% 46
\BOOKMARK [1][-]{section.3.9}{\376\377\000O\000V\000O\000S\000\040\000O\000r\000b\000i\000t\000a\000l\000s\000\040\000a\000s\000\040\000A\000p\000p\000r\000o\000x\000i\000m\000a\000t\000e\000\040\000B\000r\000u\000e\000c\000k\000n\000e\000r\000\040\000O\000r\000b\000i\000t\000a\000l\000s}{chapter.3}% 47
\BOOKMARK [2][-]{subsection.3.9.1}{\376\377\000O\000r\000b\000i\000t\000a\000l\000\040\000S\000t\000a\000t\000i\000o\000n\000a\000r\000i\000t\000y\000\040\000a\000n\000d\000\040\000t\000h\000e\000\040\000B\000r\000u\000e\000c\000k\000n\000e\000r\000\040\000C\000o\000n\000d\000i\000t\000i\000o\000n}{section.3.9}% 48
\BOOKMARK [2][-]{subsection.3.9.2}{\376\377\000R\000e\000l\000a\000t\000i\000o\000n\000s\000h\000i\000p\000\040\000t\000o\000\040\000O\000r\000b\000i\000t\000a\000l\000-\000O\000p\000t\000i\000m\000i\000s\000e\000d\000\040\000M\000P\0002}{section.3.9}% 49
\BOOKMARK [2][-]{subsection.3.9.3}{\376\377\000E\000x\000p\000e\000c\000t\000e\000d\000\040\000R\000e\000d\000u\000c\000t\000i\000o\000n\000\040\000o\000f\000\040\000T\0001\000\040\000A\000m\000p\000l\000i\000t\000u\000d\000e\000s}{section.3.9}% 50
\BOOKMARK [1][-]{section.3.10}{\376\377\000O\000V\000O\000S\000\040\000M\000o\000l\000e\000c\000u\000l\000a\000r\000\040\000O\000r\000b\000i\000t\000a\000l\000s\000\040\000a\000s\000\040\000a\000\040\000T\000r\000i\000a\000l\000\040\000S\000t\000a\000t\000e\000\040\000f\000o\000r\000\040\000V\000Q\000E}{chapter.3}% 51
\BOOKMARK [2][-]{subsection.3.10.1}{\376\377\000R\000e\000f\000e\000r\000e\000n\000c\000e\000-\000S\000t\000a\000t\000e\000\040\000O\000v\000e\000r\000l\000a\000p\000\040\000w\000i\000t\000h\000\040\000t\000h\000e\000\040\000F\000C\000I\000\040\000G\000r\000o\000u\000n\000d\000\040\000S\000t\000a\000t\000e}{section.3.10}% 52
\BOOKMARK [2][-]{subsection.3.10.2}{\376\377\000R\000e\000d\000u\000c\000t\000i\000o\000n\000\040\000o\000f\000\040\000T\0001\000\040\000A\000m\000p\000l\000i\000t\000u\000d\000e\000s\000\040\000a\000n\000d\000\040\000C\000i\000r\000c\000u\000i\000t\000\040\000D\000e\000p\000t\000h}{section.3.10}% 53
\BOOKMARK [2][-]{subsection.3.10.3}{\376\377\000Q\000u\000b\000i\000t\000\040\000R\000e\000s\000o\000u\000r\000c\000e\000\040\000S\000a\000v\000i\000n\000g\000s}{section.3.10}% 54
\BOOKMARK [0][-]{chapter.4}{\376\377\000M\000e\000t\000h\000o\000d}{}% 55
\BOOKMARK [1][-]{section.4.1}{\376\377\000A\000l\000g\000o\000r\000i\000t\000h\000m\000\040\000O\000v\000e\000r\000v\000i\000e\000w}{chapter.4}% 56
\BOOKMARK [1][-]{section.4.2}{\376\377\000I\000n\000t\000e\000g\000r\000a\000l\000\040\000T\000r\000a\000n\000s\000f\000o\000r\000m\000a\000t\000i\000o\000n}{chapter.4}% 57
\BOOKMARK [2][-]{subsection.4.2.1}{\376\377\000A\000O\000-\000t\000o\000-\000M\000O\000\040\000T\000r\000a\000n\000s\000f\000o\000r\000m\000a\000t\000i\000o\000n}{section.4.2}% 58
\BOOKMARK [2][-]{subsection.4.2.2}{\376\377\000S\000p\000i\000n\000-\000O\000r\000b\000i\000t\000a\000l\000\040\000C\000o\000n\000s\000t\000r\000u\000c\000t\000i\000o\000n}{section.4.2}% 59
\BOOKMARK [2][-]{subsection.4.2.3}{\376\377\000N\000o\000t\000a\000t\000i\000o\000n\000\040\000C\000o\000n\000v\000e\000n\000t\000i\000o\000n\000:\000\040\000C\000h\000e\000m\000i\000s\000t\000s\000'\000\040\000v\000s\000.\000\040\000P\000h\000y\000s\000i\000c\000i\000s\000t\000s\000'\000\040\000I\000n\000t\000e\000g\000r\000a\000l\000s}{section.4.2}% 60
\BOOKMARK [1][-]{section.4.3}{\376\377\000I\000n\000i\000t\000i\000a\000l\000\040\000A\000c\000t\000i\000v\000e\000\040\000S\000p\000a\000c\000e\000\040\000S\000e\000l\000e\000c\000t\000i\000o\000n}{chapter.4}% 61
\BOOKMARK [1][-]{section.4.4}{\376\377\000M\000P\0001\000\040\000A\000m\000p\000l\000i\000t\000u\000d\000e\000s\000\040\000a\000n\000d\000\040\000M\000P\0002\000\040\000E\000n\000e\000r\000g\000y}{chapter.4}% 62
\BOOKMARK [1][-]{section.4.5}{\376\377\000G\000r\000a\000d\000i\000e\000n\000t\000\040\000a\000n\000d\000\040\000H\000e\000s\000s\000i\000a\000n\000\040\000A\000s\000s\000e\000m\000b\000l\000y}{chapter.4}% 63
\BOOKMARK [2][-]{subsection.4.5.1}{\376\377\000B\000l\000o\000c\000k\000\040\000S\000t\000r\000u\000c\000t\000u\000r\000e\000\040\000a\000n\000d\000\040\000E\000f\000f\000i\000c\000i\000e\000n\000t\000\040\000I\000n\000v\000e\000r\000s\000i\000o\000n}{section.4.5}% 64
\BOOKMARK [2][-]{subsection.4.5.2}{\376\377\000L\000e\000v\000e\000l\000-\000S\000h\000i\000f\000t\000\040\000S\000t\000a\000b\000i\000l\000i\000s\000a\000t\000i\000o\000n}{section.4.5}% 65
\BOOKMARK [1][-]{section.4.6}{\376\377\000O\000r\000b\000i\000t\000a\000l\000\040\000R\000o\000t\000a\000t\000i\000o\000n\000\040\000a\000n\000d\000\040\000U\000p\000d\000a\000t\000e}{chapter.4}% 66
\BOOKMARK [1][-]{section.4.7}{\376\377\000C\000o\000n\000v\000e\000r\000g\000e\000n\000c\000e\000\040\000a\000n\000d\000\040\000I\000t\000e\000r\000a\000t\000i\000o\000n\000\040\000C\000o\000n\000t\000r\000o\000l}{chapter.4}% 67
\BOOKMARK [1][-]{section.4.8}{\376\377\000I\000n\000i\000t\000i\000a\000l\000i\000s\000a\000t\000i\000o\000n\000\040\000S\000t\000r\000a\000t\000e\000g\000i\000e\000s}{chapter.4}% 68
\BOOKMARK [2][-]{subsection.4.8.1}{\376\377\000D\000e\000f\000a\000u\000l\000t\000\040\000S\000C\000F\000\040\000I\000n\000i\000t\000i\000a\000l\000i\000s\000a\000t\000i\000o\000n}{section.4.8}% 69
\BOOKMARK [2][-]{subsection.4.8.2}{\376\377\000W\000a\000r\000m\000-\000S\000t\000a\000r\000t\000\040\000f\000r\000o\000m\000\040\000P\000r\000e\000v\000i\000o\000u\000s\000\040\000O\000r\000b\000i\000t\000a\000l\000\040\000S\000e\000t}{section.4.8}% 70
\BOOKMARK [2][-]{subsection.4.8.3}{\376\377\000R\000a\000n\000d\000o\000m\000\040\000U\000n\000i\000t\000a\000r\000y\000\040\000S\000a\000m\000p\000l\000i\000n\000g}{section.4.8}% 71
\BOOKMARK [0][-]{chapter.5}{\376\377\000C\000o\000m\000p\000u\000t\000a\000t\000i\000o\000n\000a\000l\000\040\000D\000e\000t\000a\000i\000l\000s}{}% 72
\BOOKMARK [1][-]{section.5.1}{\376\377\000S\000o\000f\000t\000w\000a\000r\000e\000\040\000a\000n\000d\000\040\000L\000i\000b\000r\000a\000r\000i\000e\000s}{chapter.5}% 73
\BOOKMARK [1][-]{section.5.2}{\376\377\000H\000a\000r\000d\000w\000a\000r\000e}{chapter.5}% 74
\BOOKMARK [1][-]{section.5.3}{\376\377\000M\000o\000l\000e\000c\000u\000l\000a\000r\000\040\000G\000e\000o\000m\000e\000t\000r\000i\000e\000s}{chapter.5}% 75
\BOOKMARK [1][-]{section.5.4}{\376\377\000B\000a\000s\000i\000s\000\040\000S\000e\000t\000s}{chapter.5}% 76
\BOOKMARK [1][-]{section.5.5}{\376\377\000R\000e\000f\000e\000r\000e\000n\000c\000e\000\040\000S\000C\000F\000\040\000C\000a\000l\000c\000u\000l\000a\000t\000i\000o\000n\000s}{chapter.5}% 77
\BOOKMARK [1][-]{section.5.6}{\376\377\000O\000V\000O\000S\000\040\000C\000a\000l\000c\000u\000l\000a\000t\000i\000o\000n\000\040\000S\000e\000t\000t\000i\000n\000g\000s}{chapter.5}% 78
\BOOKMARK [1][-]{section.5.7}{\376\377\000D\000a\000t\000a\000\040\000S\000t\000o\000r\000a\000g\000e\000\040\000a\000n\000d\000\040\000R\000e\000p\000r\000o\000d\000u\000c\000i\000b\000i\000l\000i\000t\000y}{chapter.5}% 79
\BOOKMARK [0][-]{chapter.6}{\376\377\000R\000e\000s\000u\000l\000t\000s}{}% 80
\BOOKMARK [1][-]{section.6.1}{\376\377\000V\000a\000l\000i\000d\000a\000t\000i\000o\000n\000\040\000o\000f\000\040\000t\000h\000e\000\040\000I\000m\000p\000l\000e\000m\000e\000n\000t\000a\000t\000i\000o\000n}{chapter.6}% 81
\BOOKMARK [1][-]{section.6.2}{\376\377\000E\000n\000e\000r\000g\000y\000\040\000R\000e\000c\000o\000v\000e\000r\000y\000\040\000a\000s\000\040\000a\000\040\000F\000u\000n\000c\000t\000i\000o\000n\000\040\000o\000f\000\040\000A\000c\000t\000i\000v\000e\000\040\000V\000i\000r\000t\000u\000a\000l\000\040\000O\000r\000b\000i\000t\000a\000l\000\040\000C\000o\000u\000n\000t}{chapter.6}% 82
\BOOKMARK [1][-]{section.6.3}{\376\377\000C\000o\000n\000v\000e\000r\000g\000e\000n\000c\000e\000\040\000B\000e\000h\000a\000v\000i\000o\000u\000r}{chapter.6}% 83
\BOOKMARK [1][-]{section.6.4}{\376\377\000E\000f\000f\000e\000c\000t\000\040\000o\000f\000\040\000I\000n\000i\000t\000i\000a\000l\000i\000z\000a\000t\000i\000o\000n\000\040\000S\000t\000r\000a\000t\000e\000g\000y}{chapter.6}% 84
\BOOKMARK [1][-]{section.6.5}{\376\377\000B\000a\000s\000i\000s\000\040\000S\000e\000t\000\040\000D\000e\000p\000e\000n\000d\000e\000n\000c\000e}{chapter.6}% 85
\BOOKMARK [1][-]{section.6.6}{\376\377\000C\000o\000m\000p\000a\000r\000i\000s\000o\000n\000\040\000w\000i\000t\000h\000\040\000A\000d\000a\000m\000o\000w\000i\000c\000z\000\040\000a\000n\000d\000\040\000B\000a\000r\000t\000l\000e\000t\000t\000\040\000\050\0001\0009\0008\0007\000\051}{chapter.6}% 86
